<?xml version="1.0" encoding="UTF-8"?>
<testsuite name="se.ifmo.lab4backend.Lab4BackendApplicationTests" tests="1" skipped="0" failures="0" errors="0" timestamp="2025-02-12T09:35:01" hostname="LAPTOP-5VCSDG1J" time="0.717">
  <properties/>
  <testcase name="contextLoads()" classname="se.ifmo.lab4backend.Lab4BackendApplicationTests" time="0.717"/>
  <system-out><![CDATA[12:34:55.072 [Test worker] INFO org.springframework.test.context.support.AnnotationConfigContextLoaderUtils -- Could not detect default configuration classes for test class [se.ifmo.lab4backend.Lab4BackendApplicationTests]: Lab4BackendApplicationTests does not declare any static, non-private, non-final, nested classes annotated with @Configuration.
12:34:55.227 [Test worker] INFO org.springframework.boot.test.context.SpringBootTestContextBootstrapper -- Found @SpringBootConfiguration se.ifmo.lab4backend.Lab4BackendApplication for test class se.ifmo.lab4backend.Lab4BackendApplicationTests

  .   ____          _            __ _ _
 /\\ / ___'_ __ _ _(_)_ __  __ _ \ \ \ \
( ( )\___ | '_ | '_| | '_ \/ _` | \ \ \ \
 \\/  ___)| |_)| | | | | || (_| |  ) ) ) )
  '  |____| .__|_| |_|_| |_\__, | / / / /
 =========|_|==============|___/=/_/_/_/

 :: Spring Boot ::                (v3.4.2)

2025-02-12T12:34:55.745+03:00  INFO 74008 --- [lab4backend] [    Test worker] s.i.l.Lab4BackendApplicationTests        : Starting Lab4BackendApplicationTests using Java 17.0.8 with PID 74008 (started by grigo in C:\study\labs\web\labwork4\lab4backend)
2025-02-12T12:34:55.747+03:00  INFO 74008 --- [lab4backend] [    Test worker] s.i.l.Lab4BackendApplicationTests        : No active profile set, falling back to 1 default profile: "default"
2025-02-12T12:34:56.575+03:00  INFO 74008 --- [lab4backend] [    Test worker] .s.d.r.c.RepositoryConfigurationDelegate : Bootstrapping Spring Data JPA repositories in DEFAULT mode.
2025-02-12T12:34:56.662+03:00  INFO 74008 --- [lab4backend] [    Test worker] .s.d.r.c.RepositoryConfigurationDelegate : Finished Spring Data repository scanning in 72 ms. Found 2 JPA repository interfaces.
2025-02-12T12:34:57.345+03:00  INFO 74008 --- [lab4backend] [    Test worker] o.hibernate.jpa.internal.util.LogHelper  : HHH000204: Processing PersistenceUnitInfo [name: default]
2025-02-12T12:34:57.422+03:00  INFO 74008 --- [lab4backend] [    Test worker] org.hibernate.Version                    : HHH000412: Hibernate ORM core version 6.4.2.Final
2025-02-12T12:34:57.461+03:00  INFO 74008 --- [lab4backend] [    Test worker] o.h.c.internal.RegionFactoryInitiator    : HHH000026: Second-level cache disabled
2025-02-12T12:34:57.756+03:00  INFO 74008 --- [lab4backend] [    Test worker] o.s.o.j.p.SpringPersistenceUnitInfo      : No LoadTimeWeaver setup: ignoring JPA class transformer
2025-02-12T12:34:57.788+03:00  INFO 74008 --- [lab4backend] [    Test worker] com.zaxxer.hikari.HikariDataSource       : HikariPool-1 - Starting...
2025-02-12T12:34:58.389+03:00  INFO 74008 --- [lab4backend] [    Test worker] com.zaxxer.hikari.pool.HikariPool        : HikariPool-1 - Added connection oracle.jdbc.driver.T4CConnection@5273143e
2025-02-12T12:34:58.390+03:00  INFO 74008 --- [lab4backend] [    Test worker] com.zaxxer.hikari.HikariDataSource       : HikariPool-1 - Start completed.
2025-02-12T12:34:58.600+03:00  WARN 74008 --- [lab4backend] [    Test worker] org.hibernate.orm.deprecation            : HHH90000025: OracleDialect does not need to be specified explicitly using 'hibernate.dialect' (remove the property setting and it will be selected by default)
2025-02-12T12:34:59.619+03:00  INFO 74008 --- [lab4backend] [    Test worker] o.h.e.t.j.p.i.JtaPlatformInitiator       : HHH000489: No JTA platform available (set 'hibernate.transaction.jta.platform' to enable JTA platform integration)
2025-02-12T12:34:59.623+03:00  INFO 74008 --- [lab4backend] [    Test worker] j.LocalContainerEntityManagerFactoryBean : Initialized JPA EntityManagerFactory for persistence unit 'default'
2025-02-12T12:35:00.151+03:00  WARN 74008 --- [lab4backend] [    Test worker] JpaBaseConfiguration$JpaWebConfiguration : spring.jpa.open-in-view is enabled by default. Therefore, database queries may be performed during view rendering. Explicitly configure spring.jpa.open-in-view to disable this warning
2025-02-12T12:35:00.189+03:00  INFO 74008 --- [lab4backend] [    Test worker] r$InitializeUserDetailsManagerConfigurer : Global AuthenticationManager configured with UserDetailsService bean with name userDetailsService
2025-02-12T12:35:01.073+03:00  INFO 74008 --- [lab4backend] [    Test worker] s.i.l.Lab4BackendApplicationTests        : Started Lab4BackendApplicationTests in 5.674 seconds (process running for 7.153)
]]></system-out>
  <system-err><![CDATA[]]></system-err>
</testsuite>
