<?xml version="1.0" encoding="UTF-8"?>
<testsuite name="se.ifmo.lab4backend.Lab4backendApplicationTests" tests="1" skipped="0" failures="0" errors="0" timestamp="2025-02-15T16:13:20" hostname="LAPTOP-5VCSDG1J" time="0.914">
  <properties/>
  <testcase name="contextLoads()" classname="se.ifmo.lab4backend.Lab4backendApplicationTests" time="0.914"/>
  <system-out><![CDATA[19:13:10.594 [Test worker] INFO org.springframework.test.context.support.AnnotationConfigContextLoaderUtils -- Could not detect default configuration classes for test class [se.ifmo.lab4backend.Lab4backendApplicationTests]: Lab4backendApplicationTests does not declare any static, non-private, non-final, nested classes annotated with @Configuration.
19:13:10.741 [Test worker] INFO org.springframework.boot.test.context.SpringBootTestContextBootstrapper -- Found @SpringBootConfiguration se.ifmo.lab4backend.Lab4backendApplication for test class se.ifmo.lab4backend.Lab4backendApplicationTests

  .   ____          _            __ _ _
 /\\ / ___'_ __ _ _(_)_ __  __ _ \ \ \ \
( ( )\___ | '_ | '_| | '_ \/ _` | \ \ \ \
 \\/  ___)| |_)| | | | | || (_| |  ) ) ) )
  '  |____| .__|_| |_|_| |_\__, | / / / /
 =========|_|==============|___/=/_/_/_/

 :: Spring Boot ::                (v3.4.2)

2025-02-15T19:13:11.243+03:00  INFO 27944 --- [lab4backend] [    Test worker] s.i.l.Lab4backendApplicationTests        : Starting Lab4backendApplicationTests using Java 17.0.8 with PID 27944 (started by grigo in C:\study\labs\web\labwork4\lab4backend)
2025-02-15T19:13:11.246+03:00  INFO 27944 --- [lab4backend] [    Test worker] s.i.l.Lab4backendApplicationTests        : No active profile set, falling back to 1 default profile: "default"
2025-02-15T19:13:12.200+03:00  INFO 27944 --- [lab4backend] [    Test worker] .s.d.r.c.RepositoryConfigurationDelegate : Bootstrapping Spring Data JPA repositories in DEFAULT mode.
2025-02-15T19:13:12.270+03:00  INFO 27944 --- [lab4backend] [    Test worker] .s.d.r.c.RepositoryConfigurationDelegate : Finished Spring Data repository scanning in 60 ms. Found 2 JPA repository interfaces.
2025-02-15T19:13:13.206+03:00  INFO 27944 --- [lab4backend] [    Test worker] o.hibernate.jpa.internal.util.LogHelper  : HHH000204: Processing PersistenceUnitInfo [name: default]
2025-02-15T19:13:13.380+03:00  INFO 27944 --- [lab4backend] [    Test worker] org.hibernate.Version                    : HHH000412: Hibernate ORM core version 6.6.5.Final
2025-02-15T19:13:13.536+03:00  INFO 27944 --- [lab4backend] [    Test worker] o.h.c.internal.RegionFactoryInitiator    : HHH000026: Second-level cache disabled
2025-02-15T19:13:14.337+03:00  INFO 27944 --- [lab4backend] [    Test worker] o.s.o.j.p.SpringPersistenceUnitInfo      : No LoadTimeWeaver setup: ignoring JPA class transformer
2025-02-15T19:13:14.410+03:00  INFO 27944 --- [lab4backend] [    Test worker] com.zaxxer.hikari.HikariDataSource       : HikariPool-1 - Starting...
2025-02-15T19:13:15.326+03:00  INFO 27944 --- [lab4backend] [    Test worker] com.zaxxer.hikari.pool.HikariPool        : HikariPool-1 - Added connection oracle.jdbc.driver.T4CConnection@7b52b18a
2025-02-15T19:13:15.329+03:00  INFO 27944 --- [lab4backend] [    Test worker] com.zaxxer.hikari.HikariDataSource       : HikariPool-1 - Start completed.
2025-02-15T19:13:15.558+03:00  WARN 27944 --- [lab4backend] [    Test worker] org.hibernate.orm.deprecation            : HHH90000025: OracleDialect does not need to be specified explicitly using 'hibernate.dialect' (remove the property setting and it will be selected by default)
2025-02-15T19:13:15.758+03:00  INFO 27944 --- [lab4backend] [    Test worker] org.hibernate.orm.connections.pooling    : HHH10001005: Database info:
	Database JDBC URL [Connecting through datasource 'HikariDataSource (HikariPool-1)']
	Database driver: undefined/unknown
	Database version: 23.6
	Autocommit mode: undefined/unknown
	Isolation level: undefined/unknown
	Minimum pool size: undefined/unknown
	Maximum pool size: undefined/unknown
2025-02-15T19:13:16.966+03:00  INFO 27944 --- [lab4backend] [    Test worker] o.h.e.t.j.p.i.JtaPlatformInitiator       : HHH000489: No JTA platform available (set 'hibernate.transaction.jta.platform' to enable JTA platform integration)
2025-02-15T19:13:18.583+03:00  INFO 27944 --- [lab4backend] [    Test worker] j.LocalContainerEntityManagerFactoryBean : Initialized JPA EntityManagerFactory for persistence unit 'default'
2025-02-15T19:13:19.157+03:00  WARN 27944 --- [lab4backend] [    Test worker] JpaBaseConfiguration$JpaWebConfiguration : spring.jpa.open-in-view is enabled by default. Therefore, database queries may be performed during view rendering. Explicitly configure spring.jpa.open-in-view to disable this warning
2025-02-15T19:13:19.186+03:00  INFO 27944 --- [lab4backend] [    Test worker] r$InitializeUserDetailsManagerConfigurer : Global AuthenticationManager configured with UserDetailsService bean with name userDetailsService
2025-02-15T19:13:20.125+03:00  INFO 27944 --- [lab4backend] [    Test worker] s.i.l.Lab4backendApplicationTests        : Started Lab4backendApplicationTests in 9.173 seconds (process running for 10.676)
]]></system-out>
  <system-err><![CDATA[]]></system-err>
</testsuite>
